<?xml version="1.0" encoding="UTF-8"?>
<!-- Generated by org.testng.reporters.JUnitXMLReporter -->
<testsuite ignored="5" hostname="DESKTOP-4SO3O1P" failures="0" tests="6" name="Test" time="7.195" errors="0" timestamp="02 Feb 2021 09:20:25 GMT">
  <testcase classname="com.Rmgyantra.scripts.CreateMultipleProjects" name="createmultiple" time="4.442"/>
  <testcase classname="com.Rmgyantra.scripts.CreateMultipleProjects" name="createmultiple" time="0.55"/>
  <testcase classname="com.Rmgyantra.scripts.CreateMultipleProjects" name="createmultiple" time="0.3"/>
  <testcase classname="com.Rmgyantra.scripts.CreateMultipleProjects" name="createmultiple" time="0.169"/>
  <testcase classname="com.Rmgyantra.scripts.AddProjectWitONGoingStatus" name="addproject_OngoingStatus" time="1.405"/>
  <testcase classname="com.Rmgyantra.scripts.AddSingleProjectWithCreated" name="addprojects_using_JsonObject" time="0.216"/>
  <testcase classname="com.Rmgyantra.genericUtils.BaseApiClass" name="@AfterSuite configAfterSuite" time="0.0">
    <ignored/>
  </testcase> <!-- @AfterSuite configAfterSuite -->
  <testcase classname="com.Rmgyantra.genericUtils.BaseApiClass" name="@AfterSuite configAfterSuite" time="0.0">
    <ignored/>
  </testcase> <!-- @AfterSuite configAfterSuite -->
  <testcase classname="com.Rmgyantra.scripts.AddSingleProjectWithCreated" name="addprojects_using_pojo" time="0.0">
    <ignored/>
  </testcase> <!-- addprojects_using_pojo -->
  <testcase classname="com.Rmgyantra.genericUtils.BaseApiClass" name="@BeforeSuite configBeforeSuite" time="0.0">
    <ignored/>
  </testcase> <!-- @BeforeSuite configBeforeSuite -->
  <testcase classname="com.Rmgyantra.genericUtils.BaseApiClass" name="@BeforeSuite configBeforeSuite" time="0.0">
    <ignored/>
  </testcase> <!-- @BeforeSuite configBeforeSuite -->
</testsuite> <!-- Test -->
