<?xml version="1.0" encoding="UTF-8"?>
<testsuite xmlns:xsi="http://www.w3.org/2001/XMLSchema-instance" xsi:noNamespaceSchemaLocation="https://maven.apache.org/surefire/maven-surefire-plugin/xsd/surefire-test-report-3.0.xsd" version="3.0" name="TestSuite" time="32.192" tests="6" errors="0" skipped="0" failures="0">
  <properties>
[...]
</properties>
  <testcase name="createmultiple" classname="com.Rmgyantra.scripts.CreateMultipleProjects" time="17.674"/>
  <testcase name="createmultiple" classname="com.Rmgyantra.scripts.CreateMultipleProjects" time="0.304"/>
  <testcase name="createmultiple" classname="com.Rmgyantra.scripts.CreateMultipleProjects" time="0.315"/>
  <testcase name="createmultiple" classname="com.Rmgyantra.scripts.CreateMultipleProjects" time="0.308"/>
  <testcase name="addproject_OngoingStatus" classname="com.Rmgyantra.scripts.AddProjectWitONGoingStatus" time="2.319"/>
  <testcase name="addprojects_using_JsonObject" classname="com.Rmgyantra.scripts.AddSingleProjectWithCreated" time="0.269"/>
</testsuite>