<?xml version="1.0" encoding="UTF-8"?>
<testng-results ignored="5" total="11" passed="6" failed="0" skipped="0">
  <reporter-output>
  </reporter-output>
  <suite started-at="2021-02-02T14:23:14Z" name="Suite" finished-at="2021-02-02T14:23:35Z" duration-ms="21257">
    <groups>
    </groups>
    <test started-at="2021-02-02T14:23:14Z" name="Test" finished-at="2021-02-02T14:23:35Z" duration-ms="21257">
      <class name="com.Rmgyantra.scripts.CreateMultipleProjects">
        <test-method is-config="true" signature="configBeforeSuite()[pri:0, instance:com.Rmgyantra.scripts.CreateMultipleProjects@25084a1e]" started-at="2021-02-02T14:23:11Z" name="configBeforeSuite" finished-at="2021-02-02T14:23:14Z" duration-ms="2877" status="PASS">
          <reporter-output>
          </reporter-output>
        </test-method> <!-- configBeforeSuite -->
        <test-method signature="createmultiple(java.lang.String, java.lang.String, int)[pri:0, instance:com.Rmgyantra.scripts.CreateMultipleProjects@25084a1e]" started-at="2021-02-02T14:23:14Z" name="createmultiple" data-provider="datapro" finished-at="2021-02-02T14:23:32Z" duration-ms="17668" status="PASS">
          <params>
            <param index="0">
              <value>
                <![CDATA[siddu980]]>
              </value>
            </param>
            <param index="1">
              <value>
                <![CDATA[tcs]]>
              </value>
            </param>
            <param index="2">
              <value>
                <![CDATA[1]]>
              </value>
            </param>
          </params>
          <reporter-output>
          </reporter-output>
        </test-method> <!-- createmultiple -->
        <test-method signature="createmultiple(java.lang.String, java.lang.String, int)[pri:0, instance:com.Rmgyantra.scripts.CreateMultipleProjects@25084a1e]" started-at="2021-02-02T14:23:32Z" name="createmultiple" data-provider="datapro" finished-at="2021-02-02T14:23:32Z" duration-ms="301" status="PASS">
          <params>
            <param index="0">
              <value>
                <![CDATA[abhi320]]>
              </value>
            </param>
            <param index="1">
              <value>
                <![CDATA[itc info]]>
              </value>
            </param>
            <param index="2">
              <value>
                <![CDATA[5]]>
              </value>
            </param>
          </params>
          <reporter-output>
          </reporter-output>
        </test-method> <!-- createmultiple -->
        <test-method signature="createmultiple(java.lang.String, java.lang.String, int)[pri:0, instance:com.Rmgyantra.scripts.CreateMultipleProjects@25084a1e]" started-at="2021-02-02T14:23:32Z" name="createmultiple" data-provider="datapro" finished-at="2021-02-02T14:23:32Z" duration-ms="295" status="PASS">
          <params>
            <param index="0">
              <value>
                <![CDATA[adhi336]]>
              </value>
            </param>
            <param index="1">
              <value>
                <![CDATA[wipro]]>
              </value>
            </param>
            <param index="2">
              <value>
                <![CDATA[2]]>
              </value>
            </param>
          </params>
          <reporter-output>
          </reporter-output>
        </test-method> <!-- createmultiple -->
        <test-method signature="createmultiple(java.lang.String, java.lang.String, int)[pri:0, instance:com.Rmgyantra.scripts.CreateMultipleProjects@25084a1e]" started-at="2021-02-02T14:23:32Z" name="createmultiple" data-provider="datapro" finished-at="2021-02-02T14:23:33Z" duration-ms="321" status="PASS">
          <params>
            <param index="0">
              <value>
                <![CDATA[manoj356]]>
              </value>
            </param>
            <param index="1">
              <value>
                <![CDATA[google]]>
              </value>
            </param>
            <param index="2">
              <value>
                <![CDATA[22]]>
              </value>
            </param>
          </params>
          <reporter-output>
          </reporter-output>
        </test-method> <!-- createmultiple -->
        <test-method is-config="true" signature="configAfterSuite()[pri:0, instance:com.Rmgyantra.scripts.CreateMultipleProjects@25084a1e]" started-at="2021-02-02T14:23:36Z" name="configAfterSuite" finished-at="2021-02-02T14:23:36Z" duration-ms="4" status="PASS">
          <reporter-output>
          </reporter-output>
        </test-method> <!-- configAfterSuite -->
      </class> <!-- com.Rmgyantra.scripts.CreateMultipleProjects -->
      <class name="com.Rmgyantra.scripts.AddSingleProjectWithCreated">
        <test-method signature="addprojects_using_JsonObject()[pri:0, instance:com.Rmgyantra.scripts.AddSingleProjectWithCreated@3bf9ce3e]" started-at="2021-02-02T14:23:35Z" name="addprojects_using_JsonObject" finished-at="2021-02-02T14:23:35Z" duration-ms="263" status="PASS">
          <reporter-output>
          </reporter-output>
        </test-method> <!-- addprojects_using_JsonObject -->
      </class> <!-- com.Rmgyantra.scripts.AddSingleProjectWithCreated -->
      <class name="com.Rmgyantra.scripts.AddProjectWitONGoingStatus">
        <test-method signature="addproject_OngoingStatus()[pri:0, instance:com.Rmgyantra.scripts.AddProjectWitONGoingStatus@156b88f5]" started-at="2021-02-02T14:23:33Z" name="addproject_OngoingStatus" finished-at="2021-02-02T14:23:35Z" duration-ms="2331" status="PASS">
          <reporter-output>
          </reporter-output>
        </test-method> <!-- addproject_OngoingStatus -->
      </class> <!-- com.Rmgyantra.scripts.AddProjectWitONGoingStatus -->
    </test> <!-- Test -->
  </suite> <!-- Suite -->
</testng-results>
