<?xml version="1.0" encoding="UTF-8"?>
<testng-results ignored="5" total="11" passed="6" failed="0" skipped="0">
  <reporter-output>
  </reporter-output>
  <suite started-at="2021-02-02T09:20:18Z" name="Suite" finished-at="2021-02-02T09:20:25Z" duration-ms="7195">
    <groups>
    </groups>
    <test started-at="2021-02-02T09:20:18Z" name="Test" finished-at="2021-02-02T09:20:25Z" duration-ms="7195">
      <class name="com.Rmgyantra.scripts.CreateMultipleProjects">
        <test-method is-config="true" signature="configBeforeSuite()[pri:0, instance:com.Rmgyantra.scripts.CreateMultipleProjects@7bab3f1a]" started-at="2021-02-02T09:20:16Z" name="configBeforeSuite" finished-at="2021-02-02T09:20:18Z" duration-ms="1600" status="PASS">
          <reporter-output>
          </reporter-output>
        </test-method> <!-- configBeforeSuite -->
        <test-method signature="createmultiple(java.lang.String, java.lang.String, int)[pri:0, instance:com.Rmgyantra.scripts.CreateMultipleProjects@7bab3f1a]" started-at="2021-02-02T09:20:18Z" name="createmultiple" data-provider="datapro" finished-at="2021-02-02T09:20:22Z" duration-ms="4442" status="PASS">
          <params>
            <param index="0">
              <value>
                <![CDATA[siddu199]]>
              </value>
            </param>
            <param index="1">
              <value>
                <![CDATA[tcs]]>
              </value>
            </param>
            <param index="2">
              <value>
                <![CDATA[1]]>
              </value>
            </param>
          </params>
          <reporter-output>
          </reporter-output>
        </test-method> <!-- createmultiple -->
        <test-method signature="createmultiple(java.lang.String, java.lang.String, int)[pri:0, instance:com.Rmgyantra.scripts.CreateMultipleProjects@7bab3f1a]" started-at="2021-02-02T09:20:22Z" name="createmultiple" data-provider="datapro" finished-at="2021-02-02T09:20:23Z" duration-ms="550" status="PASS">
          <params>
            <param index="0">
              <value>
                <![CDATA[abhi37]]>
              </value>
            </param>
            <param index="1">
              <value>
                <![CDATA[itc info]]>
              </value>
            </param>
            <param index="2">
              <value>
                <![CDATA[5]]>
              </value>
            </param>
          </params>
          <reporter-output>
          </reporter-output>
        </test-method> <!-- createmultiple -->
        <test-method signature="createmultiple(java.lang.String, java.lang.String, int)[pri:0, instance:com.Rmgyantra.scripts.CreateMultipleProjects@7bab3f1a]" started-at="2021-02-02T09:20:23Z" name="createmultiple" data-provider="datapro" finished-at="2021-02-02T09:20:23Z" duration-ms="300" status="PASS">
          <params>
            <param index="0">
              <value>
                <![CDATA[adhi703]]>
              </value>
            </param>
            <param index="1">
              <value>
                <![CDATA[wipro]]>
              </value>
            </param>
            <param index="2">
              <value>
                <![CDATA[2]]>
              </value>
            </param>
          </params>
          <reporter-output>
          </reporter-output>
        </test-method> <!-- createmultiple -->
        <test-method signature="createmultiple(java.lang.String, java.lang.String, int)[pri:0, instance:com.Rmgyantra.scripts.CreateMultipleProjects@7bab3f1a]" started-at="2021-02-02T09:20:23Z" name="createmultiple" data-provider="datapro" finished-at="2021-02-02T09:20:23Z" duration-ms="169" status="PASS">
          <params>
            <param index="0">
              <value>
                <![CDATA[manoj17]]>
              </value>
            </param>
            <param index="1">
              <value>
                <![CDATA[google]]>
              </value>
            </param>
            <param index="2">
              <value>
                <![CDATA[22]]>
              </value>
            </param>
          </params>
          <reporter-output>
          </reporter-output>
        </test-method> <!-- createmultiple -->
        <test-method is-config="true" signature="configAfterSuite()[pri:0, instance:com.Rmgyantra.scripts.CreateMultipleProjects@7bab3f1a]" started-at="2021-02-02T09:20:25Z" name="configAfterSuite" finished-at="2021-02-02T09:20:25Z" duration-ms="0" status="PASS">
          <reporter-output>
          </reporter-output>
        </test-method> <!-- configAfterSuite -->
      </class> <!-- com.Rmgyantra.scripts.CreateMultipleProjects -->
      <class name="com.Rmgyantra.scripts.AddSingleProjectWithCreated">
        <test-method signature="addprojects_using_JsonObject()[pri:0, instance:com.Rmgyantra.scripts.AddSingleProjectWithCreated@1e1a0406]" started-at="2021-02-02T09:20:25Z" name="addprojects_using_JsonObject" finished-at="2021-02-02T09:20:25Z" duration-ms="216" status="PASS">
          <reporter-output>
          </reporter-output>
        </test-method> <!-- addprojects_using_JsonObject -->
      </class> <!-- com.Rmgyantra.scripts.AddSingleProjectWithCreated -->
      <class name="com.Rmgyantra.scripts.AddProjectWitONGoingStatus">
        <test-method signature="addproject_OngoingStatus()[pri:0, instance:com.Rmgyantra.scripts.AddProjectWitONGoingStatus@23c30a20]" started-at="2021-02-02T09:20:23Z" name="addproject_OngoingStatus" finished-at="2021-02-02T09:20:25Z" duration-ms="1405" status="PASS">
          <reporter-output>
          </reporter-output>
        </test-method> <!-- addproject_OngoingStatus -->
      </class> <!-- com.Rmgyantra.scripts.AddProjectWitONGoingStatus -->
    </test> <!-- Test -->
  </suite> <!-- Suite -->
</testng-results>
